<?xml version="1.0" encoding="UTF-8"?>
<testsuite xmlns:xsi="http://www.w3.org/2001/XMLSchema-instance" xsi:noNamespaceSchemaLocation="https://maven.apache.org/surefire/maven-surefire-plugin/xsd/surefire-test-report.xsd" name="com.hgc.Springboot0105REstfulApplicationTests" time="4.013" tests="1" errors="0" skipped="0" failures="0">
  <properties>
    <property name="sun.desktop" value="windows"/>
    <property name="awt.toolkit" value="sun.awt.windows.WToolkit"/>
    <property name="file.encoding.pkg" value="sun.io"/>
    <property name="java.specification.version" value="1.8"/>
    <property name="sun.cpu.isalist" value="amd64"/>
    <property name="sun.jnu.encoding" value="GBK"/>
    <property name="java.class.path" value="E:\projects\SpringBoot-Study\springboot_01_05_REstful\target\test-classes;E:\projects\SpringBoot-Study\springboot_01_05_REstful\target\classes;E:\repository\org\projectlombok\lombok\1.18.24\lombok-1.18.24.jar;E:\repository\org\springframework\boot\spring-boot-starter-web\2.6.13\spring-boot-starter-web-2.6.13.jar;E:\repository\org\springframework\boot\spring-boot-starter\2.6.13\spring-boot-starter-2.6.13.jar;E:\repository\org\springframework\boot\spring-boot\2.6.13\spring-boot-2.6.13.jar;E:\repository\org\springframework\boot\spring-boot-autoconfigure\2.6.13\spring-boot-autoconfigure-2.6.13.jar;E:\repository\org\springframework\boot\spring-boot-starter-logging\2.6.13\spring-boot-starter-logging-2.6.13.jar;E:\repository\ch\qos\logback\logback-classic\1.2.11\logback-classic-1.2.11.jar;E:\repository\ch\qos\logback\logback-core\1.2.11\logback-core-1.2.11.jar;E:\repository\org\apache\logging\log4j\log4j-to-slf4j\2.17.2\log4j-to-slf4j-2.17.2.jar;E:\repository\org\apache\logging\log4j\log4j-api\2.17.2\log4j-api-2.17.2.jar;E:\repository\org\slf4j\jul-to-slf4j\1.7.36\jul-to-slf4j-1.7.36.jar;E:\repository\jakarta\annotation\jakarta.annotation-api\1.3.5\jakarta.annotation-api-1.3.5.jar;E:\repository\org\yaml\snakeyaml\1.29\snakeyaml-1.29.jar;E:\repository\org\springframework\boot\spring-boot-starter-json\2.6.13\spring-boot-starter-json-2.6.13.jar;E:\repository\com\fasterxml\jackson\core\jackson-databind\2.13.4.2\jackson-databind-2.13.4.2.jar;E:\repository\com\fasterxml\jackson\core\jackson-annotations\2.13.4\jackson-annotations-2.13.4.jar;E:\repository\com\fasterxml\jackson\core\jackson-core\2.13.4\jackson-core-2.13.4.jar;E:\repository\com\fasterxml\jackson\datatype\jackson-datatype-jdk8\2.13.4\jackson-datatype-jdk8-2.13.4.jar;E:\repository\com\fasterxml\jackson\datatype\jackson-datatype-jsr310\2.13.4\jackson-datatype-jsr310-2.13.4.jar;E:\repository\com\fasterxml\jackson\module\jackson-module-parameter-names\2.13.4\jackson-module-parameter-names-2.13.4.jar;E:\repository\org\springframework\boot\spring-boot-starter-tomcat\2.6.13\spring-boot-starter-tomcat-2.6.13.jar;E:\repository\org\apache\tomcat\embed\tomcat-embed-core\9.0.68\tomcat-embed-core-9.0.68.jar;E:\repository\org\apache\tomcat\embed\tomcat-embed-el\9.0.68\tomcat-embed-el-9.0.68.jar;E:\repository\org\apache\tomcat\embed\tomcat-embed-websocket\9.0.68\tomcat-embed-websocket-9.0.68.jar;E:\repository\org\springframework\spring-web\5.3.23\spring-web-5.3.23.jar;E:\repository\org\springframework\spring-beans\5.3.23\spring-beans-5.3.23.jar;E:\repository\org\springframework\spring-webmvc\5.3.23\spring-webmvc-5.3.23.jar;E:\repository\org\springframework\spring-aop\5.3.23\spring-aop-5.3.23.jar;E:\repository\org\springframework\spring-context\5.3.23\spring-context-5.3.23.jar;E:\repository\org\springframework\spring-expression\5.3.23\spring-expression-5.3.23.jar;E:\repository\org\springframework\boot\spring-boot-starter-test\2.6.13\spring-boot-starter-test-2.6.13.jar;E:\repository\org\springframework\boot\spring-boot-test\2.6.13\spring-boot-test-2.6.13.jar;E:\repository\org\springframework\boot\spring-boot-test-autoconfigure\2.6.13\spring-boot-test-autoconfigure-2.6.13.jar;E:\repository\com\jayway\jsonpath\json-path\2.6.0\json-path-2.6.0.jar;E:\repository\net\minidev\json-smart\2.4.8\json-smart-2.4.8.jar;E:\repository\net\minidev\accessors-smart\2.4.8\accessors-smart-2.4.8.jar;E:\repository\org\ow2\asm\asm\9.1\asm-9.1.jar;E:\repository\org\slf4j\slf4j-api\1.7.36\slf4j-api-1.7.36.jar;E:\repository\jakarta\xml\bind\jakarta.xml.bind-api\2.3.3\jakarta.xml.bind-api-2.3.3.jar;E:\repository\jakarta\activation\jakarta.activation-api\1.2.2\jakarta.activation-api-1.2.2.jar;E:\repository\org\assertj\assertj-core\3.21.0\assertj-core-3.21.0.jar;E:\repository\org\hamcrest\hamcrest\2.2\hamcrest-2.2.jar;E:\repository\org\junit\jupiter\junit-jupiter\5.8.2\junit-jupiter-5.8.2.jar;E:\repository\org\junit\jupiter\junit-jupiter-api\5.8.2\junit-jupiter-api-5.8.2.jar;E:\repository\org\opentest4j\opentest4j\1.2.0\opentest4j-1.2.0.jar;E:\repository\org\junit\platform\junit-platform-commons\1.8.2\junit-platform-commons-1.8.2.jar;E:\repository\org\apiguardian\apiguardian-api\1.1.2\apiguardian-api-1.1.2.jar;E:\repository\org\junit\jupiter\junit-jupiter-params\5.8.2\junit-jupiter-params-5.8.2.jar;E:\repository\org\junit\jupiter\junit-jupiter-engine\5.8.2\junit-jupiter-engine-5.8.2.jar;E:\repository\org\junit\platform\junit-platform-engine\1.8.2\junit-platform-engine-1.8.2.jar;E:\repository\org\mockito\mockito-core\4.0.0\mockito-core-4.0.0.jar;E:\repository\net\bytebuddy\byte-buddy\1.11.22\byte-buddy-1.11.22.jar;E:\repository\net\bytebuddy\byte-buddy-agent\1.11.22\byte-buddy-agent-1.11.22.jar;E:\repository\org\objenesis\objenesis\3.2\objenesis-3.2.jar;E:\repository\org\mockito\mockito-junit-jupiter\4.0.0\mockito-junit-jupiter-4.0.0.jar;E:\repository\org\skyscreamer\jsonassert\1.5.1\jsonassert-1.5.1.jar;E:\repository\com\vaadin\external\google\android-json\0.0.20131108.vaadin1\android-json-0.0.20131108.vaadin1.jar;E:\repository\org\springframework\spring-core\5.3.23\spring-core-5.3.23.jar;E:\repository\org\springframework\spring-jcl\5.3.23\spring-jcl-5.3.23.jar;E:\repository\org\springframework\spring-test\5.3.23\spring-test-5.3.23.jar;E:\repository\org\xmlunit\xmlunit-core\2.8.4\xmlunit-core-2.8.4.jar;"/>
    <property name="java.vm.vendor" value="Amazon.com Inc."/>
    <property name="sun.arch.data.model" value="64"/>
    <property name="user.variant" value=""/>
    <property name="java.vendor.url" value="https://aws.amazon.com/corretto/"/>
    <property name="user.timezone" value="Asia/Shanghai"/>
    <property name="java.vm.specification.version" value="1.8"/>
    <property name="os.name" value="Windows 10"/>
    <property name="user.country" value="CN"/>
    <property name="sun.java.launcher" value="SUN_STANDARD"/>
    <property name="sun.boot.library.path" value="D:\Software\JetBrains\Java\Java 1.8\jre\bin"/>
    <property name="sun.java.command" value="C:\Users\HG\AppData\Local\Temp\surefire930238426561156474\surefirebooter4622640881396617413.jar C:\Users\HG\AppData\Local\Temp\surefire930238426561156474 2023-05-06T15-54-39_470-jvmRun1 surefire1995709002169511260tmp surefire_47659135897564100375tmp"/>
    <property name="surefire.test.class.path" value="E:\projects\SpringBoot-Study\springboot_01_05_REstful\target\test-classes;E:\projects\SpringBoot-Study\springboot_01_05_REstful\target\classes;E:\repository\org\projectlombok\lombok\1.18.24\lombok-1.18.24.jar;E:\repository\org\springframework\boot\spring-boot-starter-web\2.6.13\spring-boot-starter-web-2.6.13.jar;E:\repository\org\springframework\boot\spring-boot-starter\2.6.13\spring-boot-starter-2.6.13.jar;E:\repository\org\springframework\boot\spring-boot\2.6.13\spring-boot-2.6.13.jar;E:\repository\org\springframework\boot\spring-boot-autoconfigure\2.6.13\spring-boot-autoconfigure-2.6.13.jar;E:\repository\org\springframework\boot\spring-boot-starter-logging\2.6.13\spring-boot-starter-logging-2.6.13.jar;E:\repository\ch\qos\logback\logback-classic\1.2.11\logback-classic-1.2.11.jar;E:\repository\ch\qos\logback\logback-core\1.2.11\logback-core-1.2.11.jar;E:\repository\org\apache\logging\log4j\log4j-to-slf4j\2.17.2\log4j-to-slf4j-2.17.2.jar;E:\repository\org\apache\logging\log4j\log4j-api\2.17.2\log4j-api-2.17.2.jar;E:\repository\org\slf4j\jul-to-slf4j\1.7.36\jul-to-slf4j-1.7.36.jar;E:\repository\jakarta\annotation\jakarta.annotation-api\1.3.5\jakarta.annotation-api-1.3.5.jar;E:\repository\org\yaml\snakeyaml\1.29\snakeyaml-1.29.jar;E:\repository\org\springframework\boot\spring-boot-starter-json\2.6.13\spring-boot-starter-json-2.6.13.jar;E:\repository\com\fasterxml\jackson\core\jackson-databind\2.13.4.2\jackson-databind-2.13.4.2.jar;E:\repository\com\fasterxml\jackson\core\jackson-annotations\2.13.4\jackson-annotations-2.13.4.jar;E:\repository\com\fasterxml\jackson\core\jackson-core\2.13.4\jackson-core-2.13.4.jar;E:\repository\com\fasterxml\jackson\datatype\jackson-datatype-jdk8\2.13.4\jackson-datatype-jdk8-2.13.4.jar;E:\repository\com\fasterxml\jackson\datatype\jackson-datatype-jsr310\2.13.4\jackson-datatype-jsr310-2.13.4.jar;E:\repository\com\fasterxml\jackson\module\jackson-module-parameter-names\2.13.4\jackson-module-parameter-names-2.13.4.jar;E:\repository\org\springframework\boot\spring-boot-starter-tomcat\2.6.13\spring-boot-starter-tomcat-2.6.13.jar;E:\repository\org\apache\tomcat\embed\tomcat-embed-core\9.0.68\tomcat-embed-core-9.0.68.jar;E:\repository\org\apache\tomcat\embed\tomcat-embed-el\9.0.68\tomcat-embed-el-9.0.68.jar;E:\repository\org\apache\tomcat\embed\tomcat-embed-websocket\9.0.68\tomcat-embed-websocket-9.0.68.jar;E:\repository\org\springframework\spring-web\5.3.23\spring-web-5.3.23.jar;E:\repository\org\springframework\spring-beans\5.3.23\spring-beans-5.3.23.jar;E:\repository\org\springframework\spring-webmvc\5.3.23\spring-webmvc-5.3.23.jar;E:\repository\org\springframework\spring-aop\5.3.23\spring-aop-5.3.23.jar;E:\repository\org\springframework\spring-context\5.3.23\spring-context-5.3.23.jar;E:\repository\org\springframework\spring-expression\5.3.23\spring-expression-5.3.23.jar;E:\repository\org\springframework\boot\spring-boot-starter-test\2.6.13\spring-boot-starter-test-2.6.13.jar;E:\repository\org\springframework\boot\spring-boot-test\2.6.13\spring-boot-test-2.6.13.jar;E:\repository\org\springframework\boot\spring-boot-test-autoconfigure\2.6.13\spring-boot-test-autoconfigure-2.6.13.jar;E:\repository\com\jayway\jsonpath\json-path\2.6.0\json-path-2.6.0.jar;E:\repository\net\minidev\json-smart\2.4.8\json-smart-2.4.8.jar;E:\repository\net\minidev\accessors-smart\2.4.8\accessors-smart-2.4.8.jar;E:\repository\org\ow2\asm\asm\9.1\asm-9.1.jar;E:\repository\org\slf4j\slf4j-api\1.7.36\slf4j-api-1.7.36.jar;E:\repository\jakarta\xml\bind\jakarta.xml.bind-api\2.3.3\jakarta.xml.bind-api-2.3.3.jar;E:\repository\jakarta\activation\jakarta.activation-api\1.2.2\jakarta.activation-api-1.2.2.jar;E:\repository\org\assertj\assertj-core\3.21.0\assertj-core-3.21.0.jar;E:\repository\org\hamcrest\hamcrest\2.2\hamcrest-2.2.jar;E:\repository\org\junit\jupiter\junit-jupiter\5.8.2\junit-jupiter-5.8.2.jar;E:\repository\org\junit\jupiter\junit-jupiter-api\5.8.2\junit-jupiter-api-5.8.2.jar;E:\repository\org\opentest4j\opentest4j\1.2.0\opentest4j-1.2.0.jar;E:\repository\org\junit\platform\junit-platform-commons\1.8.2\junit-platform-commons-1.8.2.jar;E:\repository\org\apiguardian\apiguardian-api\1.1.2\apiguardian-api-1.1.2.jar;E:\repository\org\junit\jupiter\junit-jupiter-params\5.8.2\junit-jupiter-params-5.8.2.jar;E:\repository\org\junit\jupiter\junit-jupiter-engine\5.8.2\junit-jupiter-engine-5.8.2.jar;E:\repository\org\junit\platform\junit-platform-engine\1.8.2\junit-platform-engine-1.8.2.jar;E:\repository\org\mockito\mockito-core\4.0.0\mockito-core-4.0.0.jar;E:\repository\net\bytebuddy\byte-buddy\1.11.22\byte-buddy-1.11.22.jar;E:\repository\net\bytebuddy\byte-buddy-agent\1.11.22\byte-buddy-agent-1.11.22.jar;E:\repository\org\objenesis\objenesis\3.2\objenesis-3.2.jar;E:\repository\org\mockito\mockito-junit-jupiter\4.0.0\mockito-junit-jupiter-4.0.0.jar;E:\repository\org\skyscreamer\jsonassert\1.5.1\jsonassert-1.5.1.jar;E:\repository\com\vaadin\external\google\android-json\0.0.20131108.vaadin1\android-json-0.0.20131108.vaadin1.jar;E:\repository\org\springframework\spring-core\5.3.23\spring-core-5.3.23.jar;E:\repository\org\springframework\spring-jcl\5.3.23\spring-jcl-5.3.23.jar;E:\repository\org\springframework\spring-test\5.3.23\spring-test-5.3.23.jar;E:\repository\org\xmlunit\xmlunit-core\2.8.4\xmlunit-core-2.8.4.jar;"/>
    <property name="sun.cpu.endian" value="little"/>
    <property name="user.home" value="C:\Users\HG"/>
    <property name="user.language" value="zh"/>
    <property name="java.specification.vendor" value="Oracle Corporation"/>
    <property name="java.home" value="D:\Software\JetBrains\Java\Java 1.8\jre"/>
    <property name="basedir" value="E:\projects\SpringBoot-Study\springboot_01_05_REstful"/>
    <property name="file.separator" value="\"/>
    <property name="line.separator" value="&#10;"/>
    <property name="java.vm.specification.vendor" value="Oracle Corporation"/>
    <property name="java.specification.name" value="Java Platform API Specification"/>
    <property name="java.awt.graphicsenv" value="sun.awt.Win32GraphicsEnvironment"/>
    <property name="surefire.real.class.path" value="C:\Users\HG\AppData\Local\Temp\surefire930238426561156474\surefirebooter4622640881396617413.jar"/>
    <property name="sun.boot.class.path" value="D:\Software\JetBrains\Java\Java 1.8\jre\lib\resources.jar;D:\Software\JetBrains\Java\Java 1.8\jre\lib\rt.jar;D:\Software\JetBrains\Java\Java 1.8\jre\lib\sunrsasign.jar;D:\Software\JetBrains\Java\Java 1.8\jre\lib\jsse.jar;D:\Software\JetBrains\Java\Java 1.8\jre\lib\jce.jar;D:\Software\JetBrains\Java\Java 1.8\jre\lib\charsets.jar;D:\Software\JetBrains\Java\Java 1.8\jre\lib\jfr.jar;D:\Software\JetBrains\Java\Java 1.8\jre\classes"/>
    <property name="user.script" value=""/>
    <property name="sun.management.compiler" value="HotSpot 64-Bit Tiered Compilers"/>
    <property name="java.runtime.version" value="1.8.0_352-b08"/>
    <property name="user.name" value="HG"/>
    <property name="path.separator" value=";"/>
    <property name="os.version" value="10.0"/>
    <property name="java.endorsed.dirs" value="D:\Software\JetBrains\Java\Java 1.8\jre\lib\endorsed"/>
    <property name="java.runtime.name" value="OpenJDK Runtime Environment"/>
    <property name="file.encoding" value="GBK"/>
    <property name="java.vm.name" value="OpenJDK 64-Bit Server VM"/>
    <property name="localRepository" value="E:\repository"/>
    <property name="java.vendor.url.bug" value="https://github.com/corretto/corretto-8/issues/"/>
    <property name="java.io.tmpdir" value="C:\Users\HG\AppData\Local\Temp\"/>
    <property name="idea.version" value="2022.1.3"/>
    <property name="java.version" value="1.8.0_352"/>
    <property name="user.dir" value="E:\projects\SpringBoot-Study\springboot_01_05_REstful"/>
    <property name="os.arch" value="amd64"/>
    <property name="java.vm.specification.name" value="Java Virtual Machine Specification"/>
    <property name="java.awt.printerjob" value="sun.awt.windows.WPrinterJob"/>
    <property name="sun.os.patch.level" value=""/>
    <property name="java.library.path" value="D:\Software\JetBrains\Java\Java 1.8\jre\bin;C:\Windows\Sun\Java\bin;C:\Windows\system32;C:\Windows;D:\Software\VanDyke Software\Clients\;D:\Software\VMware\VMware Workstation\bin\;C:\Windows\system32;C:\Windows;C:\Windows\System32\Wbem;C:\Windows\System32\WindowsPowerShell\v1.0\;C:\Windows\System32\OpenSSH\;C:\Program Files (x86)\Intel\Intel(R) Management Engine Components\DAL;C:\Program Files\Intel\Intel(R) Management Engine Components\DAL;C:\Windows\system32;D:\Software\MySQL\mysql-5.7.30-winx64\bin;D:\Software\Git\cmd;D:\Software\Maven\apache-maven-3.8.7\bin;D:\Software\JetBrains\mingw64\bin;D:\Software\Python 3.9\;C:\Program Files\NVIDIA Corporation\NVIDIA NvDLISR;D:\Software\JetBrains\Java\Java 17\bin;D:\Software\JetBrains\Java\Java 17\jre\bin;D:\Software\Nodejs19\node_global\node_modules;D:\Software\Nodejs19\;D:\Software\Python 3.9\Scripts\;D:\Software\Python 3.9\;C:\Users\HG\AppData\Local\Microsoft\WindowsApps;D:\Software\JetBrains\PyCharm 2022.1.3\bin;;D:\Software\JetBrains\IntelliJ IDEA 2022.1.3\bin;;D:\Software\JetBrains\WebStorm 2022.1.3\bin;;D:\Software\Microsoft VS Code\bin;D:\Software\Nodejs19\node_global;;."/>
    <property name="java.vm.info" value="mixed mode"/>
    <property name="java.vendor" value="Amazon.com Inc."/>
    <property name="java.vm.version" value="25.352-b08"/>
    <property name="java.specification.maintenance.version" value="4"/>
    <property name="java.ext.dirs" value="D:\Software\JetBrains\Java\Java 1.8\jre\lib\ext;C:\Windows\Sun\Java\lib\ext"/>
    <property name="sun.io.unicode.encoding" value="UnicodeLittle"/>
    <property name="java.class.version" value="52.0"/>
  </properties>
  <testcase name="contextLoads" classname="com.hgc.Springboot0105REstfulApplicationTests" time="0.353"/>
</testsuite>